<?xml version="1.0" encoding="UTF-8"?>
<testng-results ignored="0" total="2" passed="1" failed="1" skipped="0">
  <reporter-output>
  </reporter-output>
  <suite started-at="2025-07-16T01:46:54 IST" name="Default suite" finished-at="2025-07-16T01:46:58 IST" duration-ms="4036">
    <groups>
    </groups>
    <test started-at="2025-07-16T01:46:54 IST" name="Default test" finished-at="2025-07-16T01:46:58 IST" duration-ms="4036">
      <class name="testCase.TC002_AddCart">
        <test-method is-config="true" signature="setup()[pri:0, instance:testCase.TC002_AddCart@7d20d0b]" started-at="2025-07-16T01:46:54 IST" name="setup" finished-at="2025-07-16T01:46:56 IST" duration-ms="2613" status="PASS">
          <reporter-output>
          </reporter-output>
        </test-method> <!-- setup -->
        <test-method signature="verify_login()[pri:0, instance:testCase.TC002_AddCart@7d20d0b]" started-at="2025-07-16T01:46:56 IST" name="verify_login" finished-at="2025-07-16T01:46:57 IST" duration-ms="498" status="PASS">
          <reporter-output>
          </reporter-output>
        </test-method> <!-- verify_login -->
        <test-method signature="Verify_addCart()[pri:0, instance:testCase.TC002_AddCart@7d20d0b]" started-at="2025-07-16T01:46:57 IST" name="Verify_addCart" finished-at="2025-07-16T01:46:57 IST" duration-ms="583" status="FAIL">
          <exception class="java.lang.AssertionError">
            <message>
              <![CDATA[Total price text does not match! expected [Total: $52.81] but found [Total: $51.81]]]>
            </message>
            <full-stacktrace>
              <![CDATA[java.lang.AssertionError: Total price text does not match! expected [Total: $52.81] but found [Total: $51.81]
at org.testng.Assert.fail(Assert.java:111)
at org.testng.Assert.failNotEquals(Assert.java:1590)
at org.testng.Assert.assertEqualsImpl(Assert.java:150)
at org.testng.Assert.assertEquals(Assert.java:132)
at org.testng.Assert.assertEquals(Assert.java:656)
at testCase.TC002_AddCart.Verify_addCart(TC002_AddCart.java:29)
at java.base/jdk.internal.reflect.DirectMethodHandleAccessor.invoke(DirectMethodHandleAccessor.java:104)
at java.base/java.lang.reflect.Method.invoke(Method.java:565)
at org.testng.internal.invokers.MethodInvocationHelper.invokeMethod(MethodInvocationHelper.java:141)
at org.testng.internal.invokers.TestInvoker.invokeMethod(TestInvoker.java:687)
at org.testng.internal.invokers.TestInvoker.invokeTestMethod(TestInvoker.java:230)
at org.testng.internal.invokers.MethodRunner.runInSequence(MethodRunner.java:63)
at org.testng.internal.invokers.TestInvoker$MethodInvocationAgent.invoke(TestInvoker.java:995)
at org.testng.internal.invokers.TestInvoker.invokeTestMethods(TestInvoker.java:203)
at org.testng.internal.invokers.TestMethodWorker.invokeTestMethods(TestMethodWorker.java:154)
at org.testng.internal.invokers.TestMethodWorker.run(TestMethodWorker.java:134)
at java.base/java.util.ArrayList.forEach(ArrayList.java:1604)
at org.testng.TestRunner.privateRun(TestRunner.java:741)
at org.testng.TestRunner.run(TestRunner.java:616)
at org.testng.SuiteRunner.runTest(SuiteRunner.java:421)
at org.testng.SuiteRunner.runSequentially(SuiteRunner.java:413)
at org.testng.SuiteRunner.privateRun(SuiteRunner.java:373)
at org.testng.SuiteRunner.run(SuiteRunner.java:312)
at org.testng.SuiteRunnerWorker.runSuite(SuiteRunnerWorker.java:52)
at org.testng.SuiteRunnerWorker.run(SuiteRunnerWorker.java:95)
at org.testng.TestNG.runSuitesSequentially(TestNG.java:1274)
at org.testng.TestNG.runSuitesLocally(TestNG.java:1208)
at org.testng.TestNG.runSuites(TestNG.java:1112)
at org.testng.TestNG.run(TestNG.java:1079)
at org.testng.remote.AbstractRemoteTestNG.run(AbstractRemoteTestNG.java:115)
at org.testng.remote.RemoteTestNG.initAndRun(RemoteTestNG.java:293)
at org.testng.remote.RemoteTestNG.main(RemoteTestNG.java:91)
]]>
            </full-stacktrace>
          </exception> <!-- java.lang.AssertionError -->
          <reporter-output>
          </reporter-output>
        </test-method> <!-- Verify_addCart -->
        <test-method is-config="true" signature="tearDown()[pri:0, instance:testCase.TC002_AddCart@7d20d0b]" started-at="2025-07-16T01:46:57 IST" name="tearDown" finished-at="2025-07-16T01:46:58 IST" duration-ms="299" status="PASS">
          <reporter-output>
          </reporter-output>
        </test-method> <!-- tearDown -->
      </class> <!-- testCase.TC002_AddCart -->
    </test> <!-- Default test -->
  </suite> <!-- Default suite -->
</testng-results>
